<?xml version="1.0" encoding="UTF-8"?>
<testng-results ignored="0" total="63" passed="63" failed="0" skipped="0">
  <reporter-output>
  </reporter-output>
  <suite started-at="2024-03-18T23:56:41Z" name="Default suite" finished-at="2024-03-18T23:57:45Z" duration-ms="64258">
    <groups>
      <group name="cucumber">
        <method signature="AbstractTestNGCucumberTests.runScenario(io.cucumber.testng.PickleWrapper, io.cucumber.testng.FeatureWrapper)[pri:0, instance:runner.TestNGRunner@4a183d02]" name="runScenario" class="io.cucumber.testng.AbstractTestNGCucumberTests"/>
      </group> <!-- cucumber -->
    </groups>
    <test started-at="2024-03-18T23:56:41Z" name="Default test" finished-at="2024-03-18T23:57:45Z" duration-ms="64258">
      <class name="runner.TestNGRunner">
        <test-method is-config="true" signature="setUpClass(org.testng.ITestContext)[pri:0, instance:runner.TestNGRunner@4a183d02]" started-at="2024-03-18T19:56:41Z" name="setUpClass" finished-at="2024-03-18T19:56:42Z" duration-ms="1147" status="PASS">
          <params>
            <param index="0">
              <value>
                <![CDATA[org.testng.TestRunner@47b269c4]]>
              </value>
            </param>
          </params>
          <reporter-output>
          </reporter-output>
        </test-method> <!-- setUpClass -->
        <test-method signature="runScenario(io.cucumber.testng.PickleWrapper, io.cucumber.testng.FeatureWrapper)[pri:0, instance:runner.TestNGRunner@4a183d02]" started-at="2024-03-18T19:56:42Z" name="runScenario" description="Runs Cucumber Scenarios" data-provider="scenarios" finished-at="2024-03-18T19:56:50Z" duration-ms="8131" status="PASS">
          <params>
            <param index="0">
              <value>
                <![CDATA["This test is to verify the Registration page"]]>
              </value>
            </param>
            <param index="1">
              <value>
                <![CDATA["Registration process of the user"]]>
              </value>
            </param>
          </params>
          <reporter-output>
          </reporter-output>
        </test-method> <!-- runScenario -->
        <test-method signature="runScenario(io.cucumber.testng.PickleWrapper, io.cucumber.testng.FeatureWrapper)[pri:0, instance:runner.TestNGRunner@4a183d02]" started-at="2024-03-18T19:56:42Z" name="runScenario" description="Runs Cucumber Scenarios" data-provider="scenarios" finished-at="2024-03-18T19:56:51Z" duration-ms="9431" status="PASS">
          <params>
            <param index="0">
              <value>
                <![CDATA["The user tries to Register"]]>
              </value>
            </param>
            <param index="1">
              <value>
                <![CDATA["Registration process of the user"]]>
              </value>
            </param>
          </params>
          <reporter-output>
          </reporter-output>
        </test-method> <!-- runScenario -->
        <test-method signature="runScenario(io.cucumber.testng.PickleWrapper, io.cucumber.testng.FeatureWrapper)[pri:0, instance:runner.TestNGRunner@4a183d02]" started-at="2024-03-18T19:56:42Z" name="runScenario" description="Runs Cucumber Scenarios" data-provider="scenarios" finished-at="2024-03-18T19:56:51Z" duration-ms="9360" status="PASS">
          <params>
            <param index="0">
              <value>
                <![CDATA["The user tries to Register without username and password"]]>
              </value>
            </param>
            <param index="1">
              <value>
                <![CDATA["Registration process of the user"]]>
              </value>
            </param>
          </params>
          <reporter-output>
          </reporter-output>
        </test-method> <!-- runScenario -->
        <test-method signature="runScenario(io.cucumber.testng.PickleWrapper, io.cucumber.testng.FeatureWrapper)[pri:0, instance:runner.TestNGRunner@4a183d02]" started-at="2024-03-18T19:56:42Z" name="runScenario" description="Runs Cucumber Scenarios" data-provider="scenarios" finished-at="2024-03-18T19:56:51Z" duration-ms="9044" status="PASS">
          <params>
            <param index="0">
              <value>
                <![CDATA["The user tries to Register"]]>
              </value>
            </param>
            <param index="1">
              <value>
                <![CDATA["Registration process of the user"]]>
              </value>
            </param>
          </params>
          <reporter-output>
          </reporter-output>
        </test-method> <!-- runScenario -->
        <test-method signature="runScenario(io.cucumber.testng.PickleWrapper, io.cucumber.testng.FeatureWrapper)[pri:0, instance:runner.TestNGRunner@4a183d02]" started-at="2024-03-18T19:56:42Z" name="runScenario" description="Runs Cucumber Scenarios" data-provider="scenarios" finished-at="2024-03-18T19:56:51Z" duration-ms="9044" status="PASS">
          <params>
            <param index="0">
              <value>
                <![CDATA["The user tries to Register"]]>
              </value>
            </param>
            <param index="1">
              <value>
                <![CDATA["Registration process of the user"]]>
              </value>
            </param>
          </params>
          <reporter-output>
          </reporter-output>
        </test-method> <!-- runScenario -->
        <test-method signature="runScenario(io.cucumber.testng.PickleWrapper, io.cucumber.testng.FeatureWrapper)[pri:0, instance:runner.TestNGRunner@4a183d02]" started-at="2024-03-18T19:56:42Z" name="runScenario" description="Runs Cucumber Scenarios" data-provider="scenarios" finished-at="2024-03-18T19:56:54Z" duration-ms="11509" status="PASS">
          <params>
            <param index="0">
              <value>
                <![CDATA["The user tries to Register"]]>
              </value>
            </param>
            <param index="1">
              <value>
                <![CDATA["Registration process of the user"]]>
              </value>
            </param>
          </params>
          <reporter-output>
          </reporter-output>
        </test-method> <!-- runScenario -->
        <test-method signature="runScenario(io.cucumber.testng.PickleWrapper, io.cucumber.testng.FeatureWrapper)[pri:0, instance:runner.TestNGRunner@4a183d02]" started-at="2024-03-18T19:56:42Z" name="runScenario" description="Runs Cucumber Scenarios" data-provider="scenarios" finished-at="2024-03-18T19:56:58Z" duration-ms="15722" status="PASS">
          <params>
            <param index="0">
              <value>
                <![CDATA["Verify user is able to navigate into DS_Algo Array Page"]]>
              </value>
            </param>
            <param index="1">
              <value>
                <![CDATA["Testing the Array Page"]]>
              </value>
            </param>
          </params>
          <reporter-output>
          </reporter-output>
        </test-method> <!-- runScenario -->
        <test-method signature="runScenario(io.cucumber.testng.PickleWrapper, io.cucumber.testng.FeatureWrapper)[pri:0, instance:runner.TestNGRunner@4a183d02]" started-at="2024-03-18T19:56:42Z" name="runScenario" description="Runs Cucumber Scenarios" data-provider="scenarios" finished-at="2024-03-18T19:56:52Z" duration-ms="10334" status="PASS">
          <params>
            <param index="0">
              <value>
                <![CDATA["The user tries to Register"]]>
              </value>
            </param>
            <param index="1">
              <value>
                <![CDATA["Registration process of the user"]]>
              </value>
            </param>
          </params>
          <reporter-output>
          </reporter-output>
        </test-method> <!-- runScenario -->
        <test-method signature="runScenario(io.cucumber.testng.PickleWrapper, io.cucumber.testng.FeatureWrapper)[pri:0, instance:runner.TestNGRunner@4a183d02]" started-at="2024-03-18T19:56:42Z" name="runScenario" description="Runs Cucumber Scenarios" data-provider="scenarios" finished-at="2024-03-18T19:56:52Z" duration-ms="9773" status="PASS">
          <params>
            <param index="0">
              <value>
                <![CDATA["The user tries to Register"]]>
              </value>
            </param>
            <param index="1">
              <value>
                <![CDATA["Registration process of the user"]]>
              </value>
            </param>
          </params>
          <reporter-output>
          </reporter-output>
        </test-method> <!-- runScenario -->
        <test-method signature="runScenario(io.cucumber.testng.PickleWrapper, io.cucumber.testng.FeatureWrapper)[pri:0, instance:runner.TestNGRunner@4a183d02]" started-at="2024-03-18T19:56:42Z" name="runScenario" description="Runs Cucumber Scenarios" data-provider="scenarios" finished-at="2024-03-18T19:56:52Z" duration-ms="10189" status="PASS">
          <params>
            <param index="0">
              <value>
                <![CDATA["Verify Arrays in Python link redirects to Arrays in Python page."]]>
              </value>
            </param>
            <param index="1">
              <value>
                <![CDATA["Testing the Array Page"]]>
              </value>
            </param>
          </params>
          <reporter-output>
          </reporter-output>
        </test-method> <!-- runScenario -->
        <test-method signature="runScenario(io.cucumber.testng.PickleWrapper, io.cucumber.testng.FeatureWrapper)[pri:0, instance:runner.TestNGRunner@4a183d02]" started-at="2024-03-18T19:56:50Z" name="runScenario" description="Runs Cucumber Scenarios" data-provider="scenarios" finished-at="2024-03-18T19:56:56Z" duration-ms="5949" status="PASS">
          <params>
            <param index="0">
              <value>
                <![CDATA["Verify the Arrays using List menu navigates to Arrays Using List page"]]>
              </value>
            </param>
            <param index="1">
              <value>
                <![CDATA["Testing the Array Page"]]>
              </value>
            </param>
          </params>
          <reporter-output>
          </reporter-output>
        </test-method> <!-- runScenario -->
        <test-method signature="runScenario(io.cucumber.testng.PickleWrapper, io.cucumber.testng.FeatureWrapper)[pri:0, instance:runner.TestNGRunner@4a183d02]" started-at="2024-03-18T19:56:51Z" name="runScenario" description="Runs Cucumber Scenarios" data-provider="scenarios" finished-at="2024-03-18T19:56:59Z" duration-ms="8076" status="PASS">
          <params>
            <param index="0">
              <value>
                <![CDATA["Verify the Basic Operations in Lists menu navigates to Basic Operations in Lists page"]]>
              </value>
            </param>
            <param index="1">
              <value>
                <![CDATA["Testing the Array Page"]]>
              </value>
            </param>
          </params>
          <reporter-output>
          </reporter-output>
        </test-method> <!-- runScenario -->
        <test-method signature="runScenario(io.cucumber.testng.PickleWrapper, io.cucumber.testng.FeatureWrapper)[pri:0, instance:runner.TestNGRunner@4a183d02]" started-at="2024-03-18T19:56:51Z" name="runScenario" description="Runs Cucumber Scenarios" data-provider="scenarios" finished-at="2024-03-18T19:57:01Z" duration-ms="9841" status="PASS">
          <params>
            <param index="0">
              <value>
                <![CDATA["Verify the Applications of Array navigates to Applications of Array page"]]>
              </value>
            </param>
            <param index="1">
              <value>
                <![CDATA["Testing the Array Page"]]>
              </value>
            </param>
          </params>
          <reporter-output>
          </reporter-output>
        </test-method> <!-- runScenario -->
        <test-method signature="runScenario(io.cucumber.testng.PickleWrapper, io.cucumber.testng.FeatureWrapper)[pri:0, instance:runner.TestNGRunner@4a183d02]" started-at="2024-03-18T19:56:51Z" name="runScenario" description="Runs Cucumber Scenarios" data-provider="scenarios" finished-at="2024-03-18T19:56:59Z" duration-ms="7747" status="PASS">
          <params>
            <param index="0">
              <value>
                <![CDATA["Verify the Try here button is redirecting the user to the python editor."]]>
              </value>
            </param>
            <param index="1">
              <value>
                <![CDATA["Testing the Array Page"]]>
              </value>
            </param>
          </params>
          <reporter-output>
          </reporter-output>
        </test-method> <!-- runScenario -->
        <test-method signature="runScenario(io.cucumber.testng.PickleWrapper, io.cucumber.testng.FeatureWrapper)[pri:0, instance:runner.TestNGRunner@4a183d02]" started-at="2024-03-18T19:56:51Z" name="runScenario" description="Runs Cucumber Scenarios" data-provider="scenarios" finished-at="2024-03-18T19:57:02Z" duration-ms="10804" status="PASS">
          <params>
            <param index="0">
              <value>
                <![CDATA["Verify the Python Editor is throwing error when an invalid code is given, compiles the program and produces a alert window"]]>
              </value>
            </param>
            <param index="1">
              <value>
                <![CDATA["Testing the Array Page"]]>
              </value>
            </param>
          </params>
          <reporter-output>
          </reporter-output>
        </test-method> <!-- runScenario -->
        <test-method signature="runScenario(io.cucumber.testng.PickleWrapper, io.cucumber.testng.FeatureWrapper)[pri:0, instance:runner.TestNGRunner@4a183d02]" started-at="2024-03-18T19:56:52Z" name="runScenario" description="Runs Cucumber Scenarios" data-provider="scenarios" finished-at="2024-03-18T19:57:02Z" duration-ms="10170" status="PASS">
          <params>
            <param index="0">
              <value>
                <![CDATA["Verify the Python Editor when an valid code is given"]]>
              </value>
            </param>
            <param index="1">
              <value>
                <![CDATA["Testing the Array Page"]]>
              </value>
            </param>
          </params>
          <reporter-output>
          </reporter-output>
        </test-method> <!-- runScenario -->
        <test-method signature="runScenario(io.cucumber.testng.PickleWrapper, io.cucumber.testng.FeatureWrapper)[pri:0, instance:runner.TestNGRunner@4a183d02]" started-at="2024-03-18T19:56:52Z" name="runScenario" description="Runs Cucumber Scenarios" data-provider="scenarios" finished-at="2024-03-18T19:57:00Z" duration-ms="8168" status="PASS">
          <params>
            <param index="0">
              <value>
                <![CDATA["Verify the practice questions page has all the 4 links mentioned."]]>
              </value>
            </param>
            <param index="1">
              <value>
                <![CDATA["Testing the Array Page"]]>
              </value>
            </param>
          </params>
          <reporter-output>
          </reporter-output>
        </test-method> <!-- runScenario -->
        <test-method signature="runScenario(io.cucumber.testng.PickleWrapper, io.cucumber.testng.FeatureWrapper)[pri:0, instance:runner.TestNGRunner@4a183d02]" started-at="2024-03-18T19:56:52Z" name="runScenario" description="Runs Cucumber Scenarios" data-provider="scenarios" finished-at="2024-03-18T19:57:01Z" duration-ms="8541" status="PASS">
          <params>
            <param index="0">
              <value>
                <![CDATA["Verify Practice Question 1 page has the question, code editor, run and submit buttons"]]>
              </value>
            </param>
            <param index="1">
              <value>
                <![CDATA["Testing the Array Page"]]>
              </value>
            </param>
          </params>
          <reporter-output>
          </reporter-output>
        </test-method> <!-- runScenario -->
        <test-method signature="runScenario(io.cucumber.testng.PickleWrapper, io.cucumber.testng.FeatureWrapper)[pri:0, instance:runner.TestNGRunner@4a183d02]" started-at="2024-03-18T19:56:54Z" name="runScenario" description="Runs Cucumber Scenarios" data-provider="scenarios" finished-at="2024-03-18T19:57:03Z" duration-ms="9359" status="PASS">
          <params>
            <param index="0">
              <value>
                <![CDATA["Verify Practice Question 2 page has the question, code editor, run and submit buttons"]]>
              </value>
            </param>
            <param index="1">
              <value>
                <![CDATA["Testing the Array Page"]]>
              </value>
            </param>
          </params>
          <reporter-output>
          </reporter-output>
        </test-method> <!-- runScenario -->
        <test-method signature="runScenario(io.cucumber.testng.PickleWrapper, io.cucumber.testng.FeatureWrapper)[pri:0, instance:runner.TestNGRunner@4a183d02]" started-at="2024-03-18T19:56:56Z" name="runScenario" description="Runs Cucumber Scenarios" data-provider="scenarios" finished-at="2024-03-18T19:57:03Z" duration-ms="6763" status="PASS">
          <params>
            <param index="0">
              <value>
                <![CDATA["Verify Practice Question 3 page has the question, code editor, run and submit buttons"]]>
              </value>
            </param>
            <param index="1">
              <value>
                <![CDATA["Testing the Array Page"]]>
              </value>
            </param>
          </params>
          <reporter-output>
          </reporter-output>
        </test-method> <!-- runScenario -->
        <test-method signature="runScenario(io.cucumber.testng.PickleWrapper, io.cucumber.testng.FeatureWrapper)[pri:0, instance:runner.TestNGRunner@4a183d02]" started-at="2024-03-18T19:56:58Z" name="runScenario" description="Runs Cucumber Scenarios" data-provider="scenarios" finished-at="2024-03-18T19:57:05Z" duration-ms="7072" status="PASS">
          <params>
            <param index="0">
              <value>
                <![CDATA["Verify Practice Question 4 page has the question, code editor, run and submit buttons"]]>
              </value>
            </param>
            <param index="1">
              <value>
                <![CDATA["Testing the Array Page"]]>
              </value>
            </param>
          </params>
          <reporter-output>
          </reporter-output>
        </test-method> <!-- runScenario -->
        <test-method signature="runScenario(io.cucumber.testng.PickleWrapper, io.cucumber.testng.FeatureWrapper)[pri:0, instance:runner.TestNGRunner@4a183d02]" started-at="2024-03-18T19:56:59Z" name="runScenario" description="Runs Cucumber Scenarios" data-provider="scenarios" finished-at="2024-03-18T19:57:08Z" duration-ms="9071" status="PASS">
          <params>
            <param index="0">
              <value>
                <![CDATA["verify submitting the practice question with no code in search the array link"]]>
              </value>
            </param>
            <param index="1">
              <value>
                <![CDATA["Testing the Array Page"]]>
              </value>
            </param>
          </params>
          <reporter-output>
          </reporter-output>
        </test-method> <!-- runScenario -->
        <test-method signature="runScenario(io.cucumber.testng.PickleWrapper, io.cucumber.testng.FeatureWrapper)[pri:0, instance:runner.TestNGRunner@4a183d02]" started-at="2024-03-18T19:56:59Z" name="runScenario" description="Runs Cucumber Scenarios" data-provider="scenarios" finished-at="2024-03-18T19:57:08Z" duration-ms="8764" status="PASS">
          <params>
            <param index="0">
              <value>
                <![CDATA["verify submitting the practice question with no code in max consecutive ones"]]>
              </value>
            </param>
            <param index="1">
              <value>
                <![CDATA["Testing the Array Page"]]>
              </value>
            </param>
          </params>
          <reporter-output>
          </reporter-output>
        </test-method> <!-- runScenario -->
        <test-method signature="runScenario(io.cucumber.testng.PickleWrapper, io.cucumber.testng.FeatureWrapper)[pri:0, instance:runner.TestNGRunner@4a183d02]" started-at="2024-03-18T19:57:00Z" name="runScenario" description="Runs Cucumber Scenarios" data-provider="scenarios" finished-at="2024-03-18T19:57:13Z" duration-ms="12920" status="PASS">
          <params>
            <param index="0">
              <value>
                <![CDATA["verify running the practice question with no code in find numbers with even number of digits"]]>
              </value>
            </param>
            <param index="1">
              <value>
                <![CDATA["Testing the Array Page"]]>
              </value>
            </param>
          </params>
          <reporter-output>
          </reporter-output>
        </test-method> <!-- runScenario -->
        <test-method signature="runScenario(io.cucumber.testng.PickleWrapper, io.cucumber.testng.FeatureWrapper)[pri:0, instance:runner.TestNGRunner@4a183d02]" started-at="2024-03-18T19:57:01Z" name="runScenario" description="Runs Cucumber Scenarios" data-provider="scenarios" finished-at="2024-03-18T19:57:10Z" duration-ms="9267" status="PASS">
          <params>
            <param index="0">
              <value>
                <![CDATA["verify submitting the practice question with no code in squares of a sorted array"]]>
              </value>
            </param>
            <param index="1">
              <value>
                <![CDATA["Testing the Array Page"]]>
              </value>
            </param>
          </params>
          <reporter-output>
          </reporter-output>
        </test-method> <!-- runScenario -->
        <test-method signature="runScenario(io.cucumber.testng.PickleWrapper, io.cucumber.testng.FeatureWrapper)[pri:0, instance:runner.TestNGRunner@4a183d02]" started-at="2024-03-18T19:57:01Z" name="runScenario" description="Runs Cucumber Scenarios" data-provider="scenarios" finished-at="2024-03-18T19:57:17Z" duration-ms="16234" status="PASS">
          <params>
            <param index="0">
              <value>
                <![CDATA["verify submitting the practice question with valid code in search the array link"]]>
              </value>
            </param>
            <param index="1">
              <value>
                <![CDATA["Testing the Array Page"]]>
              </value>
            </param>
          </params>
          <reporter-output>
          </reporter-output>
        </test-method> <!-- runScenario -->
        <test-method signature="runScenario(io.cucumber.testng.PickleWrapper, io.cucumber.testng.FeatureWrapper)[pri:0, instance:runner.TestNGRunner@4a183d02]" started-at="2024-03-18T19:57:02Z" name="runScenario" description="Runs Cucumber Scenarios" data-provider="scenarios" finished-at="2024-03-18T19:57:13Z" duration-ms="10628" status="PASS">
          <params>
            <param index="0">
              <value>
                <![CDATA["Clicking the get started in Queue"]]>
              </value>
            </param>
            <param index="1">
              <value>
                <![CDATA["Data Structure Home page"]]>
              </value>
            </param>
          </params>
          <reporter-output>
          </reporter-output>
        </test-method> <!-- runScenario -->
        <test-method signature="runScenario(io.cucumber.testng.PickleWrapper, io.cucumber.testng.FeatureWrapper)[pri:0, instance:runner.TestNGRunner@4a183d02]" started-at="2024-03-18T19:57:02Z" name="runScenario" description="Runs Cucumber Scenarios" data-provider="scenarios" finished-at="2024-03-18T19:57:18Z" duration-ms="15291" status="PASS">
          <params>
            <param index="0">
              <value>
                <![CDATA["Gettin started in Queue with other topic"]]>
              </value>
            </param>
            <param index="1">
              <value>
                <![CDATA["Data Structure Home page"]]>
              </value>
            </param>
          </params>
          <reporter-output>
          </reporter-output>
        </test-method> <!-- runScenario -->
        <test-method signature="runScenario(io.cucumber.testng.PickleWrapper, io.cucumber.testng.FeatureWrapper)[pri:0, instance:runner.TestNGRunner@4a183d02]" started-at="2024-03-18T19:57:03Z" name="runScenario" description="Runs Cucumber Scenarios" data-provider="scenarios" finished-at="2024-03-18T19:57:13Z" duration-ms="10273" status="PASS">
          <params>
            <param index="0">
              <value>
                <![CDATA["Queue invalid passing code"]]>
              </value>
            </param>
            <param index="1">
              <value>
                <![CDATA["Data Structure Home page"]]>
              </value>
            </param>
          </params>
          <reporter-output>
          </reporter-output>
        </test-method> <!-- runScenario -->
        <test-method signature="runScenario(io.cucumber.testng.PickleWrapper, io.cucumber.testng.FeatureWrapper)[pri:0, instance:runner.TestNGRunner@4a183d02]" started-at="2024-03-18T19:57:03Z" name="runScenario" description="Runs Cucumber Scenarios" data-provider="scenarios" finished-at="2024-03-18T19:57:13Z" duration-ms="10190" status="PASS">
          <params>
            <param index="0">
              <value>
                <![CDATA["Getting started in Queue"]]>
              </value>
            </param>
            <param index="1">
              <value>
                <![CDATA["Data Structure Home page"]]>
              </value>
            </param>
          </params>
          <reporter-output>
          </reporter-output>
        </test-method> <!-- runScenario -->
        <test-method signature="runScenario(io.cucumber.testng.PickleWrapper, io.cucumber.testng.FeatureWrapper)[pri:0, instance:runner.TestNGRunner@4a183d02]" started-at="2024-03-18T19:57:05Z" name="runScenario" description="Runs Cucumber Scenarios" data-provider="scenarios" finished-at="2024-03-18T19:57:16Z" duration-ms="11149" status="PASS">
          <params>
            <param index="0">
              <value>
                <![CDATA["Getting started in Queue with another topic"]]>
              </value>
            </param>
            <param index="1">
              <value>
                <![CDATA["Data Structure Home page"]]>
              </value>
            </param>
          </params>
          <reporter-output>
          </reporter-output>
        </test-method> <!-- runScenario -->
        <test-method signature="runScenario(io.cucumber.testng.PickleWrapper, io.cucumber.testng.FeatureWrapper)[pri:0, instance:runner.TestNGRunner@4a183d02]" started-at="2024-03-18T19:57:08Z" name="runScenario" description="Runs Cucumber Scenarios" data-provider="scenarios" finished-at="2024-03-18T19:57:15Z" duration-ms="7226" status="PASS">
          <params>
            <param index="0">
              <value>
                <![CDATA["Practice Question Paper"]]>
              </value>
            </param>
            <param index="1">
              <value>
                <![CDATA["Data Structure Home page"]]>
              </value>
            </param>
          </params>
          <reporter-output>
          </reporter-output>
        </test-method> <!-- runScenario -->
        <test-method signature="runScenario(io.cucumber.testng.PickleWrapper, io.cucumber.testng.FeatureWrapper)[pri:0, instance:runner.TestNGRunner@4a183d02]" started-at="2024-03-18T19:57:08Z" name="runScenario" description="Runs Cucumber Scenarios" data-provider="scenarios" finished-at="2024-03-18T19:57:17Z" duration-ms="9233" status="PASS">
          <params>
            <param index="0">
              <value>
                <![CDATA["Home Page"]]>
              </value>
            </param>
            <param index="1">
              <value>
                <![CDATA["Data Structure Home page - DS_Introduction"]]>
              </value>
            </param>
          </params>
          <reporter-output>
          </reporter-output>
        </test-method> <!-- runScenario -->
        <test-method signature="runScenario(io.cucumber.testng.PickleWrapper, io.cucumber.testng.FeatureWrapper)[pri:0, instance:runner.TestNGRunner@4a183d02]" started-at="2024-03-18T19:57:10Z" name="runScenario" description="Runs Cucumber Scenarios" data-provider="scenarios" finished-at="2024-03-18T19:57:19Z" duration-ms="9201" status="PASS">
          <params>
            <param index="0">
              <value>
                <![CDATA["Home Page"]]>
              </value>
            </param>
            <param index="1">
              <value>
                <![CDATA["Data Structure Home page - DS_Introduction"]]>
              </value>
            </param>
          </params>
          <reporter-output>
          </reporter-output>
        </test-method> <!-- runScenario -->
        <test-method signature="runScenario(io.cucumber.testng.PickleWrapper, io.cucumber.testng.FeatureWrapper)[pri:0, instance:runner.TestNGRunner@4a183d02]" started-at="2024-03-18T19:57:13Z" name="runScenario" description="Runs Cucumber Scenarios" data-provider="scenarios" finished-at="2024-03-18T19:57:22Z" duration-ms="8982" status="PASS">
          <params>
            <param index="0">
              <value>
                <![CDATA["Python editor"]]>
              </value>
            </param>
            <param index="1">
              <value>
                <![CDATA["Data Structure Home page - DS_Introduction"]]>
              </value>
            </param>
          </params>
          <reporter-output>
          </reporter-output>
        </test-method> <!-- runScenario -->
        <test-method signature="runScenario(io.cucumber.testng.PickleWrapper, io.cucumber.testng.FeatureWrapper)[pri:0, instance:runner.TestNGRunner@4a183d02]" started-at="2024-03-18T19:57:13Z" name="runScenario" description="Runs Cucumber Scenarios" data-provider="scenarios" finished-at="2024-03-18T19:57:23Z" duration-ms="10327" status="PASS">
          <params>
            <param index="0">
              <value>
                <![CDATA["To check Linked List page functionality"]]>
              </value>
            </param>
            <param index="1">
              <value>
                <![CDATA["Getting Started to Signin DS_Algo Portal"]]>
              </value>
            </param>
          </params>
          <reporter-output>
          </reporter-output>
        </test-method> <!-- runScenario -->
        <test-method signature="runScenario(io.cucumber.testng.PickleWrapper, io.cucumber.testng.FeatureWrapper)[pri:0, instance:runner.TestNGRunner@4a183d02]" started-at="2024-03-18T19:57:13Z" name="runScenario" description="Runs Cucumber Scenarios" data-provider="scenarios" finished-at="2024-03-18T19:57:23Z" duration-ms="9941" status="PASS">
          <params>
            <param index="0">
              <value>
                <![CDATA["To check Linked List page functionality"]]>
              </value>
            </param>
            <param index="1">
              <value>
                <![CDATA["Getting Started to Signin DS_Algo Portal"]]>
              </value>
            </param>
          </params>
          <reporter-output>
          </reporter-output>
        </test-method> <!-- runScenario -->
        <test-method signature="runScenario(io.cucumber.testng.PickleWrapper, io.cucumber.testng.FeatureWrapper)[pri:0, instance:runner.TestNGRunner@4a183d02]" started-at="2024-03-18T19:57:13Z" name="runScenario" description="Runs Cucumber Scenarios" data-provider="scenarios" finished-at="2024-03-18T19:57:23Z" duration-ms="9518" status="PASS">
          <params>
            <param index="0">
              <value>
                <![CDATA["check Linked List page functionality"]]>
              </value>
            </param>
            <param index="1">
              <value>
                <![CDATA["Getting Started to Signin DS_Algo Portal"]]>
              </value>
            </param>
          </params>
          <reporter-output>
          </reporter-output>
        </test-method> <!-- runScenario -->
        <test-method signature="runScenario(io.cucumber.testng.PickleWrapper, io.cucumber.testng.FeatureWrapper)[pri:0, instance:runner.TestNGRunner@4a183d02]" started-at="2024-03-18T19:57:15Z" name="runScenario" description="Runs Cucumber Scenarios" data-provider="scenarios" finished-at="2024-03-18T19:57:24Z" duration-ms="8675" status="PASS">
          <params>
            <param index="0">
              <value>
                <![CDATA["To check Linked List page functionality"]]>
              </value>
            </param>
            <param index="1">
              <value>
                <![CDATA["Getting Started to Signin DS_Algo Portal"]]>
              </value>
            </param>
          </params>
          <reporter-output>
          </reporter-output>
        </test-method> <!-- runScenario -->
        <test-method signature="runScenario(io.cucumber.testng.PickleWrapper, io.cucumber.testng.FeatureWrapper)[pri:0, instance:runner.TestNGRunner@4a183d02]" started-at="2024-03-18T19:57:16Z" name="runScenario" description="Runs Cucumber Scenarios" data-provider="scenarios" finished-at="2024-03-18T19:57:28Z" duration-ms="12463" status="PASS">
          <params>
            <param index="0">
              <value>
                <![CDATA["To check Linked List page functionality"]]>
              </value>
            </param>
            <param index="1">
              <value>
                <![CDATA["Getting Started to Signin DS_Algo Portal"]]>
              </value>
            </param>
          </params>
          <reporter-output>
          </reporter-output>
        </test-method> <!-- runScenario -->
        <test-method signature="runScenario(io.cucumber.testng.PickleWrapper, io.cucumber.testng.FeatureWrapper)[pri:0, instance:runner.TestNGRunner@4a183d02]" started-at="2024-03-18T19:57:17Z" name="runScenario" description="Runs Cucumber Scenarios" data-provider="scenarios" finished-at="2024-03-18T19:57:28Z" duration-ms="11199" status="PASS">
          <params>
            <param index="0">
              <value>
                <![CDATA["To check Linked List page functionality"]]>
              </value>
            </param>
            <param index="1">
              <value>
                <![CDATA["Getting Started to Signin DS_Algo Portal"]]>
              </value>
            </param>
          </params>
          <reporter-output>
          </reporter-output>
        </test-method> <!-- runScenario -->
        <test-method signature="runScenario(io.cucumber.testng.PickleWrapper, io.cucumber.testng.FeatureWrapper)[pri:0, instance:runner.TestNGRunner@4a183d02]" started-at="2024-03-18T19:57:17Z" name="runScenario" description="Runs Cucumber Scenarios" data-provider="scenarios" finished-at="2024-03-18T19:57:29Z" duration-ms="11844" status="PASS">
          <params>
            <param index="0">
              <value>
                <![CDATA["To check Linked List page functionality"]]>
              </value>
            </param>
            <param index="1">
              <value>
                <![CDATA["Getting Started to Signin DS_Algo Portal"]]>
              </value>
            </param>
          </params>
          <reporter-output>
          </reporter-output>
        </test-method> <!-- runScenario -->
        <test-method signature="runScenario(io.cucumber.testng.PickleWrapper, io.cucumber.testng.FeatureWrapper)[pri:0, instance:runner.TestNGRunner@4a183d02]" started-at="2024-03-18T19:57:18Z" name="runScenario" description="Runs Cucumber Scenarios" data-provider="scenarios" finished-at="2024-03-18T19:57:29Z" duration-ms="10937" status="PASS">
          <params>
            <param index="0">
              <value>
                <![CDATA["check Linked List page functionality"]]>
              </value>
            </param>
            <param index="1">
              <value>
                <![CDATA["Getting Started to Signin DS_Algo Portal"]]>
              </value>
            </param>
          </params>
          <reporter-output>
          </reporter-output>
        </test-method> <!-- runScenario -->
        <test-method signature="runScenario(io.cucumber.testng.PickleWrapper, io.cucumber.testng.FeatureWrapper)[pri:0, instance:runner.TestNGRunner@4a183d02]" started-at="2024-03-18T19:57:19Z" name="runScenario" description="Runs Cucumber Scenarios" data-provider="scenarios" finished-at="2024-03-18T19:57:32Z" duration-ms="12905" status="PASS">
          <params>
            <param index="0">
              <value>
                <![CDATA["check Linked List page functionality"]]>
              </value>
            </param>
            <param index="1">
              <value>
                <![CDATA["Getting Started to Signin DS_Algo Portal"]]>
              </value>
            </param>
          </params>
          <reporter-output>
          </reporter-output>
        </test-method> <!-- runScenario -->
        <test-method signature="runScenario(io.cucumber.testng.PickleWrapper, io.cucumber.testng.FeatureWrapper)[pri:0, instance:runner.TestNGRunner@4a183d02]" started-at="2024-03-18T19:57:22Z" name="runScenario" description="Runs Cucumber Scenarios" data-provider="scenarios" finished-at="2024-03-18T19:57:32Z" duration-ms="10245" status="PASS">
          <params>
            <param index="0">
              <value>
                <![CDATA["To check Stack page functionality-operations in stack"]]>
              </value>
            </param>
            <param index="1">
              <value>
                <![CDATA["Stack page functionality"]]>
              </value>
            </param>
          </params>
          <reporter-output>
          </reporter-output>
        </test-method> <!-- runScenario -->
        <test-method signature="runScenario(io.cucumber.testng.PickleWrapper, io.cucumber.testng.FeatureWrapper)[pri:0, instance:runner.TestNGRunner@4a183d02]" started-at="2024-03-18T19:57:23Z" name="runScenario" description="Runs Cucumber Scenarios" data-provider="scenarios" finished-at="2024-03-18T19:57:32Z" duration-ms="8687" status="PASS">
          <params>
            <param index="0">
              <value>
                <![CDATA["To check Stack page functionality-Implementation"]]>
              </value>
            </param>
            <param index="1">
              <value>
                <![CDATA["Stack page functionality"]]>
              </value>
            </param>
          </params>
          <reporter-output>
          </reporter-output>
        </test-method> <!-- runScenario -->
        <test-method signature="runScenario(io.cucumber.testng.PickleWrapper, io.cucumber.testng.FeatureWrapper)[pri:0, instance:runner.TestNGRunner@4a183d02]" started-at="2024-03-18T19:57:23Z" name="runScenario" description="Runs Cucumber Scenarios" data-provider="scenarios" finished-at="2024-03-18T19:57:31Z" duration-ms="7793" status="PASS">
          <params>
            <param index="0">
              <value>
                <![CDATA["To check Stack page functionality-Application Practice"]]>
              </value>
            </param>
            <param index="1">
              <value>
                <![CDATA["Stack page functionality"]]>
              </value>
            </param>
          </params>
          <reporter-output>
          </reporter-output>
        </test-method> <!-- runScenario -->
        <test-method signature="runScenario(io.cucumber.testng.PickleWrapper, io.cucumber.testng.FeatureWrapper)[pri:0, instance:runner.TestNGRunner@4a183d02]" started-at="2024-03-18T19:57:23Z" name="runScenario" description="Runs Cucumber Scenarios" data-provider="scenarios" finished-at="2024-03-18T19:57:33Z" duration-ms="9241" status="PASS">
          <params>
            <param index="0">
              <value>
                <![CDATA["getting started to graph page"]]>
              </value>
            </param>
            <param index="1">
              <value>
                <![CDATA["To test graph page"]]>
              </value>
            </param>
          </params>
          <reporter-output>
          </reporter-output>
        </test-method> <!-- runScenario -->
        <test-method signature="runScenario(io.cucumber.testng.PickleWrapper, io.cucumber.testng.FeatureWrapper)[pri:0, instance:runner.TestNGRunner@4a183d02]" started-at="2024-03-18T19:57:24Z" name="runScenario" description="Runs Cucumber Scenarios" data-provider="scenarios" finished-at="2024-03-18T19:57:34Z" duration-ms="10281" status="PASS">
          <params>
            <param index="0">
              <value>
                <![CDATA["inspecting another topic in queue"]]>
              </value>
            </param>
            <param index="1">
              <value>
                <![CDATA["To test graph page"]]>
              </value>
            </param>
          </params>
          <reporter-output>
          </reporter-output>
        </test-method> <!-- runScenario -->
        <test-method signature="runScenario(io.cucumber.testng.PickleWrapper, io.cucumber.testng.FeatureWrapper)[pri:0, instance:runner.TestNGRunner@4a183d02]" started-at="2024-03-18T19:57:28Z" name="runScenario" description="Runs Cucumber Scenarios" data-provider="scenarios" finished-at="2024-03-18T19:57:36Z" duration-ms="7540" status="PASS">
          <params>
            <param index="0">
              <value>
                <![CDATA["practice Questions"]]>
              </value>
            </param>
            <param index="1">
              <value>
                <![CDATA["To test graph page"]]>
              </value>
            </param>
          </params>
          <reporter-output>
          </reporter-output>
        </test-method> <!-- runScenario -->
        <test-method signature="runScenario(io.cucumber.testng.PickleWrapper, io.cucumber.testng.FeatureWrapper)[pri:0, instance:runner.TestNGRunner@4a183d02]" started-at="2024-03-18T19:57:28Z" name="runScenario" description="Runs Cucumber Scenarios" data-provider="scenarios" finished-at="2024-03-18T19:57:37Z" duration-ms="8971" status="PASS">
          <params>
            <param index="0">
              <value>
                <![CDATA["To check Tree page functionality-overview of tree"]]>
              </value>
            </param>
            <param index="1">
              <value>
                <![CDATA["To test the functionality of tree structure"]]>
              </value>
            </param>
          </params>
          <reporter-output>
          </reporter-output>
        </test-method> <!-- runScenario -->
        <test-method signature="runScenario(io.cucumber.testng.PickleWrapper, io.cucumber.testng.FeatureWrapper)[pri:0, instance:runner.TestNGRunner@4a183d02]" started-at="2024-03-18T19:57:29Z" name="runScenario" description="Runs Cucumber Scenarios" data-provider="scenarios" finished-at="2024-03-18T19:57:39Z" duration-ms="10108" status="PASS">
          <params>
            <param index="0">
              <value>
                <![CDATA["To check Tree page functionality-Terminologies"]]>
              </value>
            </param>
            <param index="1">
              <value>
                <![CDATA["To test the functionality of tree structure"]]>
              </value>
            </param>
          </params>
          <reporter-output>
          </reporter-output>
        </test-method> <!-- runScenario -->
        <test-method signature="runScenario(io.cucumber.testng.PickleWrapper, io.cucumber.testng.FeatureWrapper)[pri:0, instance:runner.TestNGRunner@4a183d02]" started-at="2024-03-18T19:57:29Z" name="runScenario" description="Runs Cucumber Scenarios" data-provider="scenarios" finished-at="2024-03-18T19:57:38Z" duration-ms="8507" status="PASS">
          <params>
            <param index="0">
              <value>
                <![CDATA["To check Tree page functionality-Types of trees"]]>
              </value>
            </param>
            <param index="1">
              <value>
                <![CDATA["To test the functionality of tree structure"]]>
              </value>
            </param>
          </params>
          <reporter-output>
          </reporter-output>
        </test-method> <!-- runScenario -->
        <test-method signature="runScenario(io.cucumber.testng.PickleWrapper, io.cucumber.testng.FeatureWrapper)[pri:0, instance:runner.TestNGRunner@4a183d02]" started-at="2024-03-18T19:57:31Z" name="runScenario" description="Runs Cucumber Scenarios" data-provider="scenarios" finished-at="2024-03-18T19:57:39Z" duration-ms="8229" status="PASS">
          <params>
            <param index="0">
              <value>
                <![CDATA["To check Tree page functionality-Tree traversals"]]>
              </value>
            </param>
            <param index="1">
              <value>
                <![CDATA["To test the functionality of tree structure"]]>
              </value>
            </param>
          </params>
          <reporter-output>
          </reporter-output>
        </test-method> <!-- runScenario -->
        <test-method signature="runScenario(io.cucumber.testng.PickleWrapper, io.cucumber.testng.FeatureWrapper)[pri:0, instance:runner.TestNGRunner@4a183d02]" started-at="2024-03-18T19:57:32Z" name="runScenario" description="Runs Cucumber Scenarios" data-provider="scenarios" finished-at="2024-03-18T19:57:41Z" duration-ms="9121" status="PASS">
          <params>
            <param index="0">
              <value>
                <![CDATA["To check Tree page functionality-Traversals-Illustration"]]>
              </value>
            </param>
            <param index="1">
              <value>
                <![CDATA["To test the functionality of tree structure"]]>
              </value>
            </param>
          </params>
          <reporter-output>
          </reporter-output>
        </test-method> <!-- runScenario -->
        <test-method signature="runScenario(io.cucumber.testng.PickleWrapper, io.cucumber.testng.FeatureWrapper)[pri:0, instance:runner.TestNGRunner@4a183d02]" started-at="2024-03-18T19:57:32Z" name="runScenario" description="Runs Cucumber Scenarios" data-provider="scenarios" finished-at="2024-03-18T19:57:42Z" duration-ms="9929" status="PASS">
          <params>
            <param index="0">
              <value>
                <![CDATA["To check Tree page functionality-Binary Trees"]]>
              </value>
            </param>
            <param index="1">
              <value>
                <![CDATA["To test the functionality of tree structure"]]>
              </value>
            </param>
          </params>
          <reporter-output>
          </reporter-output>
        </test-method> <!-- runScenario -->
        <test-method signature="runScenario(io.cucumber.testng.PickleWrapper, io.cucumber.testng.FeatureWrapper)[pri:0, instance:runner.TestNGRunner@4a183d02]" started-at="2024-03-18T19:57:32Z" name="runScenario" description="Runs Cucumber Scenarios" data-provider="scenarios" finished-at="2024-03-18T19:57:40Z" duration-ms="8138" status="PASS">
          <params>
            <param index="0">
              <value>
                <![CDATA["To check Tree page functionality-Types of Binary trees"]]>
              </value>
            </param>
            <param index="1">
              <value>
                <![CDATA["To test the functionality of tree structure"]]>
              </value>
            </param>
          </params>
          <reporter-output>
          </reporter-output>
        </test-method> <!-- runScenario -->
        <test-method signature="runScenario(io.cucumber.testng.PickleWrapper, io.cucumber.testng.FeatureWrapper)[pri:0, instance:runner.TestNGRunner@4a183d02]" started-at="2024-03-18T19:57:33Z" name="runScenario" description="Runs Cucumber Scenarios" data-provider="scenarios" finished-at="2024-03-18T19:57:40Z" duration-ms="7153" status="PASS">
          <params>
            <param index="0">
              <value>
                <![CDATA["To check Tree page functionality-Implementation in python"]]>
              </value>
            </param>
            <param index="1">
              <value>
                <![CDATA["To test the functionality of tree structure"]]>
              </value>
            </param>
          </params>
          <reporter-output>
          </reporter-output>
        </test-method> <!-- runScenario -->
        <test-method signature="runScenario(io.cucumber.testng.PickleWrapper, io.cucumber.testng.FeatureWrapper)[pri:0, instance:runner.TestNGRunner@4a183d02]" started-at="2024-03-18T19:57:34Z" name="runScenario" description="Runs Cucumber Scenarios" data-provider="scenarios" finished-at="2024-03-18T19:57:42Z" duration-ms="7895" status="PASS">
          <params>
            <param index="0">
              <value>
                <![CDATA["To check Tree page functionality-Binary tree traversals"]]>
              </value>
            </param>
            <param index="1">
              <value>
                <![CDATA["To test the functionality of tree structure"]]>
              </value>
            </param>
          </params>
          <reporter-output>
          </reporter-output>
        </test-method> <!-- runScenario -->
        <test-method signature="runScenario(io.cucumber.testng.PickleWrapper, io.cucumber.testng.FeatureWrapper)[pri:0, instance:runner.TestNGRunner@4a183d02]" started-at="2024-03-18T19:57:36Z" name="runScenario" description="Runs Cucumber Scenarios" data-provider="scenarios" finished-at="2024-03-18T19:57:44Z" duration-ms="8205" status="PASS">
          <params>
            <param index="0">
              <value>
                <![CDATA["To check Tree page functionality-Implementation of Binary Trees"]]>
              </value>
            </param>
            <param index="1">
              <value>
                <![CDATA["To test the functionality of tree structure"]]>
              </value>
            </param>
          </params>
          <reporter-output>
          </reporter-output>
        </test-method> <!-- runScenario -->
        <test-method signature="runScenario(io.cucumber.testng.PickleWrapper, io.cucumber.testng.FeatureWrapper)[pri:0, instance:runner.TestNGRunner@4a183d02]" started-at="2024-03-18T19:57:37Z" name="runScenario" description="Runs Cucumber Scenarios" data-provider="scenarios" finished-at="2024-03-18T19:57:43Z" duration-ms="5938" status="PASS">
          <params>
            <param index="0">
              <value>
                <![CDATA["To check Tree page functionality-Applications of Binary trees"]]>
              </value>
            </param>
            <param index="1">
              <value>
                <![CDATA["To test the functionality of tree structure"]]>
              </value>
            </param>
          </params>
          <reporter-output>
          </reporter-output>
        </test-method> <!-- runScenario -->
        <test-method signature="runScenario(io.cucumber.testng.PickleWrapper, io.cucumber.testng.FeatureWrapper)[pri:0, instance:runner.TestNGRunner@4a183d02]" started-at="2024-03-18T19:57:38Z" name="runScenario" description="Runs Cucumber Scenarios" data-provider="scenarios" finished-at="2024-03-18T19:57:44Z" duration-ms="6353" status="PASS">
          <params>
            <param index="0">
              <value>
                <![CDATA["To check Tree page functionality-Binary search Trees"]]>
              </value>
            </param>
            <param index="1">
              <value>
                <![CDATA["To test the functionality of tree structure"]]>
              </value>
            </param>
          </params>
          <reporter-output>
          </reporter-output>
        </test-method> <!-- runScenario -->
        <test-method signature="runScenario(io.cucumber.testng.PickleWrapper, io.cucumber.testng.FeatureWrapper)[pri:0, instance:runner.TestNGRunner@4a183d02]" started-at="2024-03-18T19:57:39Z" name="runScenario" description="Runs Cucumber Scenarios" data-provider="scenarios" finished-at="2024-03-18T19:57:44Z" duration-ms="5430" status="PASS">
          <params>
            <param index="0">
              <value>
                <![CDATA["To check Tree page functionality-Implementation of Bst"]]>
              </value>
            </param>
            <param index="1">
              <value>
                <![CDATA["To test the functionality of tree structure"]]>
              </value>
            </param>
          </params>
          <reporter-output>
          </reporter-output>
        </test-method> <!-- runScenario -->
        <test-method is-config="true" signature="tearDownClass()[pri:0, instance:runner.TestNGRunner@4a183d02]" started-at="2024-03-18T19:57:44Z" name="tearDownClass" finished-at="2024-03-18T19:57:45Z" duration-ms="930" status="PASS">
          <reporter-output>
          </reporter-output>
        </test-method> <!-- tearDownClass -->
      </class> <!-- runner.TestNGRunner -->
    </test> <!-- Default test -->
  </suite> <!-- Default suite -->
</testng-results>
